# JRE version: OpenJDK Runtime Environment Temurin-21.0.11+10 (21.0.11+10) (build 21.0.11+10-LTS)
# Java VM: OpenJDK 64-Bit Server VM Temurin-21.0.11+10 (21.0.11+10-LTS, mixed mode, sharing, tiered, compressed oops, compressed class ptrs, parallel gc, windows-amd64)
GC Precious Log:
 CardTable entry size: 512
 CPUs: 4 total, 4 available
 Memory: 3751M
 Large Page Support: Disabled
 NUMA Support: Disabled
 Compressed Oops: Enabled (32-bit)
 Alignments: Space 512K, Generation 512K, Heap 2M
 Heap Min Capacity: 100M
 Heap Initial Capacity: 100M
 Heap Max Capacity: 2G
 Pre-touch: Disabled
 Parallel Workers: 4
Heap:
 PSYoungGen      total 3584K, used 3067K [0x00000000d5580000, 0x00000000d5b80000, 0x0000000100000000)
  eden space 1536K, 97% used [0x00000000d5580000,0x00000000d56f6d98,0x00000000d5700000)
  from space 2048K, 76% used [0x00000000d5700000,0x00000000d5888000,0x00000000d5900000)
  to   space 2048K, 0% used [0x00000000d5980000,0x00000000d5980000,0x00000000d5b80000)
 ParOldGen       total 934912K, used 934842K [0x0000000080000000, 0x00000000b9100000, 0x00000000d5580000)
  object space 934912K, 99% used [0x0000000080000000,0x00000000b90ee9a8,0x00000000b9100000)
 Metaspace       used 83812K, committed 85440K, reserved 1179648K
  class space    used 8547K, committed 9280K, reserved 1048576K
GC Heap History (20 events):
Event: 71697.479 GC heap before
{Heap before GC invocations=1176 (full 4):
 PSYoungGen      total 1024K, used 752K [0x00000000d5580000, 0x00000000d5900000, 0x0000000100000000)
  eden space 512K, 100% used [0x00000000d5580000,0x00000000d5600000,0x00000000d5600000)
  from space 512K, 46% used [0x00000000d5600000,0x00000000d563c010,0x00000000d5680000)
  to   space 512K, 0% used [0x00000000d5880000,0x00000000d5880000,0x00000000d5900000)
 ParOldGen       total 929792K, used 929416K [0x0000000080000000, 0x00000000b8c00000, 0x00000000d5580000)
  object space 929792K, 99% used [0x0000000080000000,0x00000000b8ba2078,0x00000000b8c00000)
 Metaspace       used 83807K, committed 85440K, reserved 1179648K
  class space    used 8547K, committed 9280K, reserved 1048576K
}
Event: 71697.488 GC heap after
{Heap after GC invocations=1176 (full 4):
 PSYoungGen      total 1024K, used 352K [0x00000000d5580000, 0x00000000d5900000, 0x0000000100000000)
  eden space 512K, 0% used [0x00000000d5580000,0x00000000d5580000,0x00000000d5600000)
  from space 512K, 68% used [0x00000000d5880000,0x00000000d58d8000,0x00000000d5900000)
  to   space 512K, 0% used [0x00000000d5600000,0x00000000d5600000,0x00000000d5680000)
 ParOldGen       total 929792K, used 929592K [0x0000000080000000, 0x00000000b8c00000, 0x00000000d5580000)
  object space 929792K, 99% used [0x0000000080000000,0x00000000b8bce088,0x00000000b8c00000)
 Metaspace       used 83807K, committed 85440K, reserved 1179648K
  class space    used 8547K, committed 9280K, reserved 1048576K
}
Event: 71698.046 GC heap before
{Heap before GC invocations=1177 (full 4):
 PSYoungGen      total 1024K, used 806K [0x00000000d5580000, 0x00000000d5900000, 0x0000000100000000)
  eden space 512K, 88% used [0x00000000d5580000,0x00000000d55f1bd0,0x00000000d5600000)
  from space 512K, 68% used [0x00000000d5880000,0x00000000d58d8000,0x00000000d5900000)
  to   space 512K, 0% used [0x00000000d5600000,0x00000000d5600000,0x00000000d5680000)
 ParOldGen       total 929792K, used 929592K [0x0000000080000000, 0x00000000b8c00000, 0x00000000d5580000)
  object space 929792K, 99% used [0x0000000080000000,0x00000000b8bce088,0x00000000b8c00000)
 Metaspace       used 83809K, committed 85440K, reserved 1179648K
  class space    used 8547K, committed 9280K, reserved 1048576K
}
Event: 71698.054 GC heap after
{Heap after GC invocations=1177 (full 4):
 PSYoungGen      total 1024K, used 393K [0x00000000d5580000, 0x00000000d5900000, 0x0000000100000000)
  eden space 512K, 0% used [0x00000000d5580000,0x00000000d5580000,0x00000000d5600000)
  from space 512K, 76% used [0x00000000d5600000,0x00000000d56624f8,0x00000000d5680000)
  to   space 512K, 0% used [0x00000000d5880000,0x00000000d5880000,0x00000000d5900000)
 ParOldGen       total 930304K, used 929832K [0x0000000080000000, 0x00000000b8c80000, 0x00000000d5580000)
  object space 930304K, 99% used [0x0000000080000000,0x00000000b8c0a088,0x00000000b8c80000)
 Metaspace       used 83809K, committed 85440K, reserved 1179648K
  class space    used 8547K, committed 9280K, reserved 1048576K
}
Event: 71698.064 GC heap before
{Heap before GC invocations=1178 (full 4):
 PSYoungGen      total 1024K, used 905K [0x00000000d5580000, 0x00000000d5900000, 0x0000000100000000)
  eden space 512K, 99% used [0x00000000d5580000,0x00000000d55fff98,0x00000000d5600000)
  from space 512K, 76% used [0x00000000d5600000,0x00000000d56624f8,0x00000000d5680000)
  to   space 512K, 0% used [0x00000000d5880000,0x00000000d5880000,0x00000000d5900000)
 ParOldGen       total 930304K, used 929832K [0x0000000080000000, 0x00000000b8c80000, 0x00000000d5580000)
  object space 930304K, 99% used [0x0000000080000000,0x00000000b8c0a088,0x00000000b8c80000)
 Metaspace       used 83810K, committed 85440K, reserved 1179648K
  class space    used 8547K, committed 9280K, reserved 1048576K
}
Event: 71698.069 GC heap after
{Heap after GC invocations=1178 (full 4):
 PSYoungGen      total 1024K, used 489K [0x00000000d5580000, 0x00000000d5900000, 0x0000000100000000)
  eden space 512K, 0% used [0x00000000d5580000,0x00000000d5580000,0x00000000d5600000)
  from space 512K, 95% used [0x00000000d5880000,0x00000000d58fa4f8,0x00000000d5900000)
  to   space 1024K, 0% used [0x00000000d5700000,0x00000000d5700000,0x00000000d5800000)
 ParOldGen       total 930304K, used 930153K [0x0000000080000000, 0x00000000b8c80000, 0x00000000d5580000)
  object space 930304K, 99% used [0x0000000080000000,0x00000000b8c5a580,0x00000000b8c80000)
 Metaspace       used 83810K, committed 85440K, reserved 1179648K
  class space    used 8547K, committed 9280K, reserved 1048576K
}
Event: 71698.080 GC heap before
{Heap before GC invocations=1179 (full 4):
 PSYoungGen      total 1024K, used 1001K [0x00000000d5580000, 0x00000000d5900000, 0x0000000100000000)
  eden space 512K, 99% used [0x00000000d5580000,0x00000000d55fff98,0x00000000d5600000)
  from space 512K, 95% used [0x00000000d5880000,0x00000000d58fa4f8,0x00000000d5900000)
  to   space 1024K, 0% used [0x00000000d5700000,0x00000000d5700000,0x00000000d5800000)
 ParOldGen       total 930304K, used 930153K [0x0000000080000000, 0x00000000b8c80000, 0x00000000d5580000)
  object space 930304K, 99% used [0x0000000080000000,0x00000000b8c5a580,0x00000000b8c80000)
 Metaspace       used 83810K, committed 85440K, reserved 1179648K
  class space    used 8547K, committed 9280K, reserved 1048576K
}
Event: 71698.085 GC heap after
{Heap after GC invocations=1179 (full 4):
 PSYoungGen      total 1536K, used 512K [0x00000000d5580000, 0x00000000d5900000, 0x0000000100000000)
  eden space 512K, 0% used [0x00000000d5580000,0x00000000d5580000,0x00000000d5600000)
  from space 1024K, 50% used [0x00000000d5700000,0x00000000d5780000,0x00000000d5800000)
  to   space 1024K, 0% used [0x00000000d5800000,0x00000000d5800000,0x00000000d5900000)
 ParOldGen       total 930816K, used 930602K [0x0000000080000000, 0x00000000b8d00000, 0x00000000d5580000)
  object space 930816K, 99% used [0x0000000080000000,0x00000000b8ccaa78,0x00000000b8d00000)
 Metaspace       used 83810K, committed 85440K, reserved 1179648K
  class space    used 8547K, committed 9280K, reserved 1048576K
}
Event: 71698.097 GC heap before
{Heap before GC invocations=1180 (full 4):
 PSYoungGen      total 1536K, used 1023K [0x00000000d5580000, 0x00000000d5900000, 0x0000000100000000)
  eden space 512K, 99% used [0x00000000d5580000,0x00000000d55ffff0,0x00000000d5600000)
  from space 1024K, 50% used [0x00000000d5700000,0x00000000d5780000,0x00000000d5800000)
  to   space 1024K, 0% used [0x00000000d5800000,0x00000000d5800000,0x00000000d5900000)
 ParOldGen       total 930816K, used 930602K [0x0000000080000000, 0x00000000b8d00000, 0x00000000d5580000)
  object space 930816K, 99% used [0x0000000080000000,0x00000000b8ccaa78,0x00000000b8d00000)
 Metaspace       used 83810K, committed 85440K, reserved 1179648K
  class space    used 8547K, committed 9280K, reserved 1048576K
}
Event: 71698.107 GC heap after
{Heap after GC invocations=1180 (full 4):
 PSYoungGen      total 1536K, used 512K [0x00000000d5580000, 0x00000000d5880000, 0x0000000100000000)
  eden space 1024K, 0% used [0x00000000d5580000,0x00000000d5580000,0x00000000d5680000)
  from space 512K, 100% used [0x00000000d5800000,0x00000000d5880000,0x00000000d5880000)
  to   space 1024K, 0% used [0x00000000d5680000,0x00000000d5680000,0x00000000d5780000)
 ParOldGen       total 931328K, used 931071K [0x0000000080000000, 0x00000000b8d80000, 0x00000000d5580000)
  object space 931328K, 99% used [0x0000000080000000,0x00000000b8d3fd10,0x00000000b8d80000)
 Metaspace       used 83810K, committed 85440K, reserved 1179648K
  class space    used 8547K, committed 9280K, reserved 1048576K
}
Event: 71698.121 GC heap before
{Heap before GC invocations=1181 (full 4):
 PSYoungGen      total 1536K, used 1536K [0x00000000d5580000, 0x00000000d5880000, 0x0000000100000000)
  eden space 1024K, 100% used [0x00000000d5580000,0x00000000d5680000,0x00000000d5680000)
  from space 512K, 100% used [0x00000000d5800000,0x00000000d5880000,0x00000000d5880000)
  to   space 1024K, 0% used [0x00000000d5680000,0x00000000d5680000,0x00000000d5780000)
 ParOldGen       total 931328K, used 931071K [0x0000000080000000, 0x00000000b8d80000, 0x00000000d5580000)
  object space 931328K, 99% used [0x0000000080000000,0x00000000b8d3fd10,0x00000000b8d80000)
 Metaspace       used 83810K, committed 85440K, reserved 1179648K
  class space    used 8547K, committed 9280K, reserved 1048576K
}
Event: 71698.126 GC heap after
{Heap after GC invocations=1181 (full 4):
 PSYoungGen      total 2048K, used 672K [0x00000000d5580000, 0x00000000d5900000, 0x0000000100000000)
  eden space 1024K, 0% used [0x00000000d5580000,0x00000000d5580000,0x00000000d5680000)
  from space 1024K, 65% used [0x00000000d5680000,0x00000000d5728000,0x00000000d5780000)
  to   space 1024K, 0% used [0x00000000d5800000,0x00000000d5800000,0x00000000d5900000)
 ParOldGen       total 931840K, used 931527K [0x0000000080000000, 0x00000000b8e00000, 0x00000000d5580000)
  object space 931840K, 99% used [0x0000000080000000,0x00000000b8db1d10,0x00000000b8e00000)
 Metaspace       used 83810K, committed 85440K, reserved 1179648K
  class space    used 8547K, committed 9280K, reserved 1048576K
}
Event: 71698.133 GC heap before
{Heap before GC invocations=1182 (full 4):
 PSYoungGen      total 2048K, used 1695K [0x00000000d5580000, 0x00000000d5900000, 0x0000000100000000)
  eden space 1024K, 99% used [0x00000000d5580000,0x00000000d567fff8,0x00000000d5680000)
  from space 1024K, 65% used [0x00000000d5680000,0x00000000d5728000,0x00000000d5780000)
  to   space 1024K, 0% used [0x00000000d5800000,0x00000000d5800000,0x00000000d5900000)
 ParOldGen       total 931840K, used 931527K [0x0000000080000000, 0x00000000b8e00000, 0x00000000d5580000)
  object space 931840K, 99% used [0x0000000080000000,0x00000000b8db1d10,0x00000000b8e00000)
 Metaspace       used 83810K, committed 85440K, reserved 1179648K
  class space    used 8547K, committed 9280K, reserved 1048576K
}
Event: 71698.136 GC heap after
{Heap after GC invocations=1182 (full 4):
 PSYoungGen      total 2560K, used 464K [0x00000000d5580000, 0x00000000d5900000, 0x0000000100000000)
  eden space 1536K, 0% used [0x00000000d5580000,0x00000000d5580000,0x00000000d5700000)
  from space 1024K, 45% used [0x00000000d5800000,0x00000000d5874010,0x00000000d5900000)
  to   space 1024K, 0% used [0x00000000d5700000,0x00000000d5700000,0x00000000d5800000)
 ParOldGen       total 932352K, used 932099K [0x0000000080000000, 0x00000000b8e80000, 0x00000000d5580000)
  object space 932352K, 99% used [0x0000000080000000,0x00000000b8e40d20,0x00000000b8e80000)
 Metaspace       used 83810K, committed 85440K, reserved 1179648K
  class space    used 8547K, committed 9280K, reserved 1048576K
}
Event: 71698.184 GC heap before
{Heap before GC invocations=1183 (full 4):
 PSYoungGen      total 2560K, used 2000K [0x00000000d5580000, 0x00000000d5900000, 0x0000000100000000)
  eden space 1536K, 100% used [0x00000000d5580000,0x00000000d5700000,0x00000000d5700000)
  from space 1024K, 45% used [0x00000000d5800000,0x00000000d5874010,0x00000000d5900000)
  to   space 1024K, 0% used [0x00000000d5700000,0x00000000d5700000,0x00000000d5800000)
 ParOldGen       total 932352K, used 932099K [0x0000000080000000, 0x00000000b8e80000, 0x00000000d5580000)
  object space 932352K, 99% used [0x0000000080000000,0x00000000b8e40d20,0x00000000b8e80000)
 Metaspace       used 83811K, committed 85440K, reserved 1179648K
  class space    used 8547K, committed 9280K, reserved 1048576K
}
Event: 71698.195 GC heap after
{Heap after GC invocations=1183 (full 4):
 PSYoungGen      total 2560K, used 1024K [0x00000000d5580000, 0x00000000d5a80000, 0x0000000100000000)
  eden space 1536K, 0% used [0x00000000d5580000,0x00000000d5580000,0x00000000d5700000)
  from space 1024K, 100% used [0x00000000d5700000,0x00000000d5800000,0x00000000d5800000)
  to   space 1536K, 0% used [0x00000000d5900000,0x00000000d5900000,0x00000000d5a80000)
 ParOldGen       total 932864K, used 932379K [0x0000000080000000, 0x00000000b8f00000, 0x00000000d5580000)
  object space 932864K, 99% used [0x0000000080000000,0x00000000b8e86d20,0x00000000b8f00000)
 Metaspace       used 83811K, committed 85440K, reserved 1179648K
  class space    used 8547K, committed 9280K, reserved 1048576K
}
Event: 71698.297 GC heap before
{Heap before GC invocations=1184 (full 4):
 PSYoungGen      total 2560K, used 2560K [0x00000000d5580000, 0x00000000d5a80000, 0x0000000100000000)
  eden space 1536K, 100% used [0x00000000d5580000,0x00000000d5700000,0x00000000d5700000)
  from space 1024K, 100% used [0x00000000d5700000,0x00000000d5800000,0x00000000d5800000)
  to   space 1536K, 0% used [0x00000000d5900000,0x00000000d5900000,0x00000000d5a80000)
 ParOldGen       total 932864K, used 932379K [0x0000000080000000, 0x00000000b8f00000, 0x00000000d5580000)
  object space 932864K, 99% used [0x0000000080000000,0x00000000b8e86d20,0x00000000b8f00000)
 Metaspace       used 83812K, committed 85440K, reserved 1179648K
  class space    used 8547K, committed 9280K, reserved 1048576K
}
Event: 71698.302 GC heap after
{Heap after GC invocations=1184 (full 4):
 PSYoungGen      total 3072K, used 1490K [0x00000000d5580000, 0x00000000d5b80000, 0x0000000100000000)
  eden space 1536K, 0% used [0x00000000d5580000,0x00000000d5580000,0x00000000d5700000)
  from space 1536K, 97% used [0x00000000d5900000,0x00000000d5a749f0,0x00000000d5a80000)
  to   space 2048K, 0% used [0x00000000d5700000,0x00000000d5700000,0x00000000d5900000)
 ParOldGen       total 933888K, used 933415K [0x0000000080000000, 0x00000000b9000000, 0x00000000d5580000)
  object space 933888K, 99% used [0x0000000080000000,0x00000000b8f89fb8,0x00000000b9000000)
 Metaspace       used 83812K, committed 85440K, reserved 1179648K
  class space    used 8547K, committed 9280K, reserved 1048576K
}
Event: 71698.309 GC heap before
{Heap before GC invocations=1185 (full 4):
 PSYoungGen      total 3072K, used 3026K [0x00000000d5580000, 0x00000000d5b80000, 0x0000000100000000)
  eden space 1536K, 100% used [0x00000000d5580000,0x00000000d5700000,0x00000000d5700000)
  from space 1536K, 97% used [0x00000000d5900000,0x00000000d5a749f0,0x00000000d5a80000)
  to   space 2048K, 0% used [0x00000000d5700000,0x00000000d5700000,0x00000000d5900000)
 ParOldGen       total 933888K, used 933415K [0x0000000080000000, 0x00000000b9000000, 0x00000000d5580000)
  object space 933888K, 99% used [0x0000000080000000,0x00000000b8f89fb8,0x00000000b9000000)
 Metaspace       used 83812K, committed 85440K, reserved 1179648K
  class space    used 8547K, committed 9280K, reserved 1048576K
}
Event: 71698.313 GC heap after
{Heap after GC invocations=1185 (full 4):
 PSYoungGen      total 3584K, used 1568K [0x00000000d5580000, 0x00000000d5b80000, 0x0000000100000000)
  eden space 1536K, 0% used [0x00000000d5580000,0x00000000d5580000,0x00000000d5700000)
  from space 2048K, 76% used [0x00000000d5700000,0x00000000d5888000,0x00000000d5900000)
  to   space 2048K, 0% used [0x00000000d5980000,0x00000000d5980000,0x00000000d5b80000)
 ParOldGen       total 934912K, used 934842K [0x0000000080000000, 0x00000000b9100000, 0x00000000d5580000)
  object space 934912K, 99% used [0x0000000080000000,0x00000000b90ee9a8,0x00000000b9100000)
 Metaspace       used 83812K, committed 85440K, reserved 1179648K
  class space    used 8547K, committed 9280K, reserved 1048576K
}

