# JRE version: OpenJDK Runtime Environment Temurin-21.0.11+10 (21.0.11+10) (build 21.0.11+10-LTS)
# Java VM: OpenJDK 64-Bit Server VM Temurin-21.0.11+10 (21.0.11+10-LTS, mixed mode, sharing, tiered, compressed oops, compressed class ptrs, parallel gc, windows-amd64)
GC Precious Log:
 CardTable entry size: 512
 CPUs: 4 total, 4 available
 Memory: 3751M
 Large Page Support: Disabled
 NUMA Support: Disabled
 Compressed Oops: Enabled (32-bit)
 Alignments: Space 512K, Generation 512K, Heap 2M
 Heap Min Capacity: 100M
 Heap Initial Capacity: 100M
 Heap Max Capacity: 2G
 Pre-touch: Disabled
 Parallel Workers: 4
Heap:
 PSYoungGen      total 2560K, used 1246K [0x00000000d5580000, 0x00000000d5900000, 0x0000000100000000)
  eden space 2048K, 54% used [0x00000000d5580000,0x00000000d5697878,0x00000000d5780000)
  from space 512K, 25% used [0x00000000d5780000,0x00000000d57a0000,0x00000000d5800000)
  to   space 512K, 0% used [0x00000000d5880000,0x00000000d5880000,0x00000000d5900000)
 ParOldGen       total 425472K, used 194824K [0x0000000080000000, 0x0000000099f80000, 0x00000000d5580000)
  object space 425472K, 45% used [0x0000000080000000,0x000000008be420d8,0x0000000099f80000)
 Metaspace       used 65939K, committed 67264K, reserved 1114112K
  class space    used 7084K, committed 7680K, reserved 1048576K
GC Heap History (20 events):
Event: 296.534 GC heap before
{Heap before GC invocations=453 (full 3):
 PSYoungGen      total 2560K, used 2176K [0x00000000d5580000, 0x00000000d5900000, 0x0000000100000000)
  eden space 2048K, 100% used [0x00000000d5580000,0x00000000d5780000,0x00000000d5780000)
  from space 512K, 25% used [0x00000000d5780000,0x00000000d57a0000,0x00000000d5800000)
  to   space 512K, 0% used [0x00000000d5880000,0x00000000d5880000,0x00000000d5900000)
 ParOldGen       total 425472K, used 192616K [0x0000000080000000, 0x0000000099f80000, 0x00000000d5580000)
  object space 425472K, 45% used [0x0000000080000000,0x000000008bc1a1d8,0x0000000099f80000)
 Metaspace       used 65272K, committed 66624K, reserved 1114112K
  class space    used 7028K, committed 7616K, reserved 1048576K
}
Event: 296.601 GC heap after
{Heap after GC invocations=453 (full 3):
 PSYoungGen      total 2560K, used 192K [0x00000000d5580000, 0x00000000d5900000, 0x0000000100000000)
  eden space 2048K, 0% used [0x00000000d5580000,0x00000000d5580000,0x00000000d5780000)
  from space 512K, 37% used [0x00000000d5880000,0x00000000d58b0000,0x00000000d5900000)
  to   space 512K, 0% used [0x00000000d5780000,0x00000000d5780000,0x00000000d5800000)
 ParOldGen       total 425472K, used 192632K [0x0000000080000000, 0x0000000099f80000, 0x00000000d5580000)
  object space 425472K, 45% used [0x0000000080000000,0x000000008bc1e1d8,0x0000000099f80000)
 Metaspace       used 65272K, committed 66624K, reserved 1114112K
  class space    used 7028K, committed 7616K, reserved 1048576K
}
Event: 297.488 GC heap before
{Heap before GC invocations=454 (full 3):
 PSYoungGen      total 2560K, used 2240K [0x00000000d5580000, 0x00000000d5900000, 0x0000000100000000)
  eden space 2048K, 100% used [0x00000000d5580000,0x00000000d5780000,0x00000000d5780000)
  from space 512K, 37% used [0x00000000d5880000,0x00000000d58b0000,0x00000000d5900000)
  to   space 512K, 0% used [0x00000000d5780000,0x00000000d5780000,0x00000000d5800000)
 ParOldGen       total 425472K, used 192632K [0x0000000080000000, 0x0000000099f80000, 0x00000000d5580000)
  object space 425472K, 45% used [0x0000000080000000,0x000000008bc1e1d8,0x0000000099f80000)
 Metaspace       used 65393K, committed 66688K, reserved 1114112K
  class space    used 7043K, committed 7616K, reserved 1048576K
}
Event: 297.510 GC heap after
{Heap after GC invocations=454 (full 3):
 PSYoungGen      total 2560K, used 483K [0x00000000d5580000, 0x00000000d5980000, 0x0000000100000000)
  eden space 2048K, 0% used [0x00000000d5580000,0x00000000d5580000,0x00000000d5780000)
  from space 512K, 94% used [0x00000000d5780000,0x00000000d57f8dc8,0x00000000d5800000)
  to   space 1024K, 0% used [0x00000000d5880000,0x00000000d5880000,0x00000000d5980000)
 ParOldGen       total 425472K, used 192736K [0x0000000080000000, 0x0000000099f80000, 0x00000000d5580000)
  object space 425472K, 45% used [0x0000000080000000,0x000000008bc38078,0x0000000099f80000)
 Metaspace       used 65393K, committed 66688K, reserved 1114112K
  class space    used 7043K, committed 7616K, reserved 1048576K
}
Event: 298.769 GC heap before
{Heap before GC invocations=455 (full 3):
 PSYoungGen      total 2560K, used 2531K [0x00000000d5580000, 0x00000000d5980000, 0x0000000100000000)
  eden space 2048K, 100% used [0x00000000d5580000,0x00000000d5780000,0x00000000d5780000)
  from space 512K, 94% used [0x00000000d5780000,0x00000000d57f8dc8,0x00000000d5800000)
  to   space 1024K, 0% used [0x00000000d5880000,0x00000000d5880000,0x00000000d5980000)
 ParOldGen       total 425472K, used 192736K [0x0000000080000000, 0x0000000099f80000, 0x00000000d5580000)
  object space 425472K, 45% used [0x0000000080000000,0x000000008bc38078,0x0000000099f80000)
 Metaspace       used 65562K, committed 66944K, reserved 1114112K
  class space    used 7061K, committed 7616K, reserved 1048576K
}
Event: 298.803 GC heap after
{Heap after GC invocations=455 (full 3):
 PSYoungGen      total 2560K, used 288K [0x00000000d5580000, 0x00000000d5900000, 0x0000000100000000)
  eden space 2048K, 0% used [0x00000000d5580000,0x00000000d5580000,0x00000000d5780000)
  from space 512K, 56% used [0x00000000d5880000,0x00000000d58c8000,0x00000000d5900000)
  to   space 512K, 0% used [0x00000000d5780000,0x00000000d5780000,0x00000000d5800000)
 ParOldGen       total 425472K, used 193220K [0x0000000080000000, 0x0000000099f80000, 0x00000000d5580000)
  object space 425472K, 45% used [0x0000000080000000,0x000000008bcb1218,0x0000000099f80000)
 Metaspace       used 65562K, committed 66944K, reserved 1114112K
  class space    used 7061K, committed 7616K, reserved 1048576K
}
Event: 299.043 GC heap before
{Heap before GC invocations=456 (full 3):
 PSYoungGen      total 2560K, used 2335K [0x00000000d5580000, 0x00000000d5900000, 0x0000000100000000)
  eden space 2048K, 99% used [0x00000000d5580000,0x00000000d577fff0,0x00000000d5780000)
  from space 512K, 56% used [0x00000000d5880000,0x00000000d58c8000,0x00000000d5900000)
  to   space 512K, 0% used [0x00000000d5780000,0x00000000d5780000,0x00000000d5800000)
 ParOldGen       total 425472K, used 193220K [0x0000000080000000, 0x0000000099f80000, 0x00000000d5580000)
  object space 425472K, 45% used [0x0000000080000000,0x000000008bcb1218,0x0000000099f80000)
 Metaspace       used 65617K, committed 67008K, reserved 1114112K
  class space    used 7064K, committed 7616K, reserved 1048576K
}
Event: 299.072 GC heap after
{Heap after GC invocations=456 (full 3):
 PSYoungGen      total 2560K, used 512K [0x00000000d5580000, 0x00000000d5980000, 0x0000000100000000)
  eden space 2048K, 0% used [0x00000000d5580000,0x00000000d5580000,0x00000000d5780000)
  from space 512K, 100% used [0x00000000d5780000,0x00000000d5800000,0x00000000d5800000)
  to   space 1024K, 0% used [0x00000000d5880000,0x00000000d5880000,0x00000000d5980000)
 ParOldGen       total 425472K, used 193488K [0x0000000080000000, 0x0000000099f80000, 0x00000000d5580000)
  object space 425472K, 45% used [0x0000000080000000,0x000000008bcf4010,0x0000000099f80000)
 Metaspace       used 65617K, committed 67008K, reserved 1114112K
  class space    used 7064K, committed 7616K, reserved 1048576K
}
Event: 299.621 GC heap before
{Heap before GC invocations=457 (full 3):
 PSYoungGen      total 2560K, used 2560K [0x00000000d5580000, 0x00000000d5980000, 0x0000000100000000)
  eden space 2048K, 100% used [0x00000000d5580000,0x00000000d5780000,0x00000000d5780000)
  from space 512K, 100% used [0x00000000d5780000,0x00000000d5800000,0x00000000d5800000)
  to   space 1024K, 0% used [0x00000000d5880000,0x00000000d5880000,0x00000000d5980000)
 ParOldGen       total 425472K, used 193488K [0x0000000080000000, 0x0000000099f80000, 0x00000000d5580000)
  object space 425472K, 45% used [0x0000000080000000,0x000000008bcf4010,0x0000000099f80000)
 Metaspace       used 65707K, committed 67072K, reserved 1114112K
  class space    used 7070K, committed 7616K, reserved 1048576K
}
Event: 299.663 GC heap after
{Heap after GC invocations=457 (full 3):
 PSYoungGen      total 2560K, used 320K [0x00000000d5580000, 0x00000000d5900000, 0x0000000100000000)
  eden space 2048K, 0% used [0x00000000d5580000,0x00000000d5580000,0x00000000d5780000)
  from space 512K, 62% used [0x00000000d5880000,0x00000000d58d0000,0x00000000d5900000)
  to   space 512K, 0% used [0x00000000d5780000,0x00000000d5780000,0x00000000d5800000)
 ParOldGen       total 425472K, used 193953K [0x0000000080000000, 0x0000000099f80000, 0x00000000d5580000)
  object space 425472K, 45% used [0x0000000080000000,0x000000008bd684b0,0x0000000099f80000)
 Metaspace       used 65707K, committed 67072K, reserved 1114112K
  class space    used 7070K, committed 7616K, reserved 1048576K
}
Event: 299.968 GC heap before
{Heap before GC invocations=458 (full 3):
 PSYoungGen      total 2560K, used 2368K [0x00000000d5580000, 0x00000000d5900000, 0x0000000100000000)
  eden space 2048K, 100% used [0x00000000d5580000,0x00000000d5780000,0x00000000d5780000)
  from space 512K, 62% used [0x00000000d5880000,0x00000000d58d0000,0x00000000d5900000)
  to   space 512K, 0% used [0x00000000d5780000,0x00000000d5780000,0x00000000d5800000)
 ParOldGen       total 425472K, used 193953K [0x0000000080000000, 0x0000000099f80000, 0x00000000d5580000)
  object space 425472K, 45% used [0x0000000080000000,0x000000008bd684b0,0x0000000099f80000)
 Metaspace       used 65741K, committed 67136K, reserved 1114112K
  class space    used 7072K, committed 7680K, reserved 1048576K
}
Event: 299.972 GC heap after
{Heap after GC invocations=458 (full 3):
 PSYoungGen      total 2560K, used 512K [0x00000000d5580000, 0x00000000d5980000, 0x0000000100000000)
  eden space 2048K, 0% used [0x00000000d5580000,0x00000000d5580000,0x00000000d5780000)
  from space 512K, 100% used [0x00000000d5780000,0x00000000d5800000,0x00000000d5800000)
  to   space 1024K, 0% used [0x00000000d5880000,0x00000000d5880000,0x00000000d5980000)
 ParOldGen       total 425472K, used 194235K [0x0000000080000000, 0x0000000099f80000, 0x00000000d5580000)
  object space 425472K, 45% used [0x0000000080000000,0x000000008bdaec28,0x0000000099f80000)
 Metaspace       used 65741K, committed 67136K, reserved 1114112K
  class space    used 7072K, committed 7680K, reserved 1048576K
}
Event: 357.051 GC heap before
{Heap before GC invocations=459 (full 3):
 PSYoungGen      total 2560K, used 2559K [0x00000000d5580000, 0x00000000d5980000, 0x0000000100000000)
  eden space 2048K, 99% used [0x00000000d5580000,0x00000000d577fd68,0x00000000d5780000)
  from space 512K, 100% used [0x00000000d5780000,0x00000000d5800000,0x00000000d5800000)
  to   space 1024K, 0% used [0x00000000d5880000,0x00000000d5880000,0x00000000d5980000)
 ParOldGen       total 425472K, used 194235K [0x0000000080000000, 0x0000000099f80000, 0x00000000d5580000)
  object space 425472K, 45% used [0x0000000080000000,0x000000008bdaec28,0x0000000099f80000)
 Metaspace       used 65766K, committed 67136K, reserved 1114112K
  class space    used 7073K, committed 7680K, reserved 1048576K
}
Event: 357.255 GC heap after
{Heap after GC invocations=459 (full 3):
 PSYoungGen      total 2560K, used 256K [0x00000000d5580000, 0x00000000d5900000, 0x0000000100000000)
  eden space 2048K, 0% used [0x00000000d5580000,0x00000000d5580000,0x00000000d5780000)
  from space 512K, 50% used [0x00000000d5880000,0x00000000d58c0040,0x00000000d5900000)
  to   space 512K, 0% used [0x00000000d5780000,0x00000000d5780000,0x00000000d5800000)
 ParOldGen       total 425472K, used 194704K [0x0000000080000000, 0x0000000099f80000, 0x00000000d5580000)
  object space 425472K, 45% used [0x0000000080000000,0x000000008be240c8,0x0000000099f80000)
 Metaspace       used 65766K, committed 67136K, reserved 1114112K
  class space    used 7073K, committed 7680K, reserved 1048576K
}
Event: 501.201 GC heap before
{Heap before GC invocations=460 (full 3):
 PSYoungGen      total 2560K, used 2302K [0x00000000d5580000, 0x00000000d5900000, 0x0000000100000000)
  eden space 2048K, 99% used [0x00000000d5580000,0x00000000d577f8f0,0x00000000d5780000)
  from space 512K, 50% used [0x00000000d5880000,0x00000000d58c0040,0x00000000d5900000)
  to   space 512K, 0% used [0x00000000d5780000,0x00000000d5780000,0x00000000d5800000)
 ParOldGen       total 425472K, used 194704K [0x0000000080000000, 0x0000000099f80000, 0x00000000d5580000)
  object space 425472K, 45% used [0x0000000080000000,0x000000008be240c8,0x0000000099f80000)
 Metaspace       used 65866K, committed 67264K, reserved 1114112K
  class space    used 7083K, committed 7680K, reserved 1048576K
}
Event: 501.432 GC heap after
{Heap after GC invocations=460 (full 3):
 PSYoungGen      total 2560K, used 240K [0x00000000d5580000, 0x00000000d5900000, 0x0000000100000000)
  eden space 2048K, 0% used [0x00000000d5580000,0x00000000d5580000,0x00000000d5780000)
  from space 512K, 46% used [0x00000000d5780000,0x00000000d57bc030,0x00000000d5800000)
  to   space 512K, 0% used [0x00000000d5880000,0x00000000d5880000,0x00000000d5900000)
 ParOldGen       total 425472K, used 194752K [0x0000000080000000, 0x0000000099f80000, 0x00000000d5580000)
  object space 425472K, 45% used [0x0000000080000000,0x000000008be300d8,0x0000000099f80000)
 Metaspace       used 65866K, committed 67264K, reserved 1114112K
  class space    used 7083K, committed 7680K, reserved 1048576K
}
Event: 682.873 GC heap before
{Heap before GC invocations=461 (full 3):
 PSYoungGen      total 2560K, used 2288K [0x00000000d5580000, 0x00000000d5900000, 0x0000000100000000)
  eden space 2048K, 100% used [0x00000000d5580000,0x00000000d5780000,0x00000000d5780000)
  from space 512K, 46% used [0x00000000d5780000,0x00000000d57bc030,0x00000000d5800000)
  to   space 512K, 0% used [0x00000000d5880000,0x00000000d5880000,0x00000000d5900000)
 ParOldGen       total 425472K, used 194752K [0x0000000080000000, 0x0000000099f80000, 0x00000000d5580000)
  object space 425472K, 45% used [0x0000000080000000,0x000000008be300d8,0x0000000099f80000)
 Metaspace       used 65914K, committed 67264K, reserved 1114112K
  class space    used 7084K, committed 7680K, reserved 1048576K
}
Event: 683.110 GC heap after
{Heap after GC invocations=461 (full 3):
 PSYoungGen      total 2560K, used 128K [0x00000000d5580000, 0x00000000d5900000, 0x0000000100000000)
  eden space 2048K, 0% used [0x00000000d5580000,0x00000000d5580000,0x00000000d5780000)
  from space 512K, 25% used [0x00000000d5880000,0x00000000d58a0000,0x00000000d5900000)
  to   space 512K, 0% used [0x00000000d5780000,0x00000000d5780000,0x00000000d5800000)
 ParOldGen       total 425472K, used 194800K [0x0000000080000000, 0x0000000099f80000, 0x00000000d5580000)
  object space 425472K, 45% used [0x0000000080000000,0x000000008be3c0d8,0x0000000099f80000)
 Metaspace       used 65914K, committed 67264K, reserved 1114112K
  class space    used 7084K, committed 7680K, reserved 1048576K
}
Event: 5117.169 GC heap before
{Heap before GC invocations=462 (full 3):
 PSYoungGen      total 2560K, used 2176K [0x00000000d5580000, 0x00000000d5900000, 0x0000000100000000)
  eden space 2048K, 100% used [0x00000000d5580000,0x00000000d5780000,0x00000000d5780000)
  from space 512K, 25% used [0x00000000d5880000,0x00000000d58a0000,0x00000000d5900000)
  to   space 512K, 0% used [0x00000000d5780000,0x00000000d5780000,0x00000000d5800000)
 ParOldGen       total 425472K, used 194800K [0x0000000080000000, 0x0000000099f80000, 0x00000000d5580000)
  object space 425472K, 45% used [0x0000000080000000,0x000000008be3c0d8,0x0000000099f80000)
 Metaspace       used 65935K, committed 67264K, reserved 1114112K
  class space    used 7084K, committed 7680K, reserved 1048576K
}
Event: 5117.883 GC heap after
{Heap after GC invocations=462 (full 3):
 PSYoungGen      total 2560K, used 128K [0x00000000d5580000, 0x00000000d5900000, 0x0000000100000000)
  eden space 2048K, 0% used [0x00000000d5580000,0x00000000d5580000,0x00000000d5780000)
  from space 512K, 25% used [0x00000000d5780000,0x00000000d57a0000,0x00000000d5800000)
  to   space 512K, 0% used [0x00000000d5880000,0x00000000d5880000,0x00000000d5900000)
 ParOldGen       total 425472K, used 194824K [0x0000000080000000, 0x0000000099f80000, 0x00000000d5580000)
  object space 425472K, 45% used [0x0000000080000000,0x000000008be420d8,0x0000000099f80000)
 Metaspace       used 65935K, committed 67264K, reserved 1114112K
  class space    used 7084K, committed 7680K, reserved 1048576K
}

